<?xml version="1.0" encoding="UTF-8"?>
<testng-results ignored="0" total="1" passed="1" failed="0" skipped="0">
  <reporter-output>
  </reporter-output>
  <suite started-at="2024-03-20T17:10:26 IST" name="Default suite" finished-at="2024-03-20T17:10:38 IST" duration-ms="12135">
    <groups>
      <group name="hairbrand">
        <method signature="TolunchLorealparis.lorealparis()[pri:0, instance:IntigrationTestCase.TolunchLorealparis@55b7a4e0]" name="lorealparis" class="IntigrationTestCase.TolunchLorealparis"/>
      </group> <!-- hairbrand -->
    </groups>
    <test started-at="2024-03-20T17:10:26 IST" name="Default test" finished-at="2024-03-20T17:10:38 IST" duration-ms="12135">
      <class name="IntigrationTestCase.TolunchLorealparis">
        <test-method signature="lorealparis()[pri:0, instance:IntigrationTestCase.TolunchLorealparis@55b7a4e0]" started-at="2024-03-20T17:10:26 IST" name="lorealparis" finished-at="2024-03-20T17:10:38 IST" duration-ms="12099" status="PASS">
          <reporter-output>
          </reporter-output>
        </test-method> <!-- lorealparis -->
      </class> <!-- IntigrationTestCase.TolunchLorealparis -->
    </test> <!-- Default test -->
  </suite> <!-- Default suite -->
</testng-results>
